2026-05-19 05:42:06 - INFO - Starting Hindalco PDF Downloader
2026-05-19 05:42:06 - INFO - Checking for PDF for date: 2026-05-19
2026-05-19 05:42:06 - INFO - Attempting to download from: https://www.hindalco.com/Upload/PDF/primary-ready-reckoner-19-may-2026.pdf (Attempt 1/3)
2026-05-19 05:42:08 - INFO - Successfully downloaded PDF: Downloads/2026/May/Hindalco_Circular_19_May_26.pdf (123199 bytes)
2026-05-19 05:42:08 - INFO - Download completed successfully for 2026-05-19
2026-05-19 05:42:08 - INFO - Download process completed successfully
2026-05-19 05:42:08 - INFO - Hindalco PDF Downloader finished
2026-05-19 05:42:08 - INFO - Starting Hindalco PDF Downloader
2026-05-19 05:42:08 - INFO - Checking for PDF for date: 2026-05-19
2026-05-19 05:42:08 - INFO - File already exists: Downloads/2026/May/Hindalco_Circular_19_May_26.pdf
2026-05-19 05:42:08 - INFO - Download process completed successfully
2026-05-19 05:42:08 - INFO - Hindalco PDF Downloader finished
2026-05-19 05:42:08 - INFO - Starting Hindalco PDF Downloader
2026-05-19 05:42:08 - INFO - Checking for PDF for date: 2026-05-19
2026-05-19 05:42:08 - INFO - File already exists: Downloads/2026/May/Hindalco_Circular_19_May_26.pdf
2026-05-19 05:42:08 - INFO - Download process completed successfully
2026-05-19 05:42:08 - INFO - Hindalco PDF Downloader finished
2026-05-19 13:43:45 - INFO - Starting Hindalco PDF Downloader
2026-05-19 13:43:45 - INFO - Checking for PDF for date: 2026-05-19
2026-05-19 13:43:45 - INFO - File already exists: Downloads/2026/May/Hindalco_Circular_19_May_26.pdf
2026-05-19 13:43:45 - INFO - Download process completed successfully
2026-05-19 13:43:45 - INFO - Hindalco PDF Downloader finished
2026-05-19 13:43:46 - INFO - Starting Hindalco PDF Downloader
2026-05-19 13:43:46 - INFO - Checking for PDF for date: 2026-05-19
2026-05-19 13:43:46 - INFO - File already exists: Downloads/2026/May/Hindalco_Circular_19_May_26.pdf
2026-05-19 13:43:46 - INFO - Download process completed successfully
2026-05-19 13:43:46 - INFO - Hindalco PDF Downloader finished
2026-05-19 13:43:46 - INFO - Starting Hindalco PDF Downloader
2026-05-19 13:43:46 - INFO - Checking for PDF for date: 2026-05-19
2026-05-19 13:43:46 - INFO - File already exists: Downloads/2026/May/Hindalco_Circular_19_May_26.pdf
2026-05-19 13:43:46 - INFO - Download process completed successfully
2026-05-19 13:43:46 - INFO - Hindalco PDF Downloader finished
2026-05-19 18:16:10 - INFO - Starting Hindalco PDF Downloader
2026-05-19 18:16:10 - INFO - Checking for PDF for date: 2026-05-19
2026-05-19 18:16:10 - INFO - File already exists: Downloads/2026/May/Hindalco_Circular_19_May_26.pdf
2026-05-19 18:16:10 - INFO - Download process completed successfully
2026-05-19 18:16:10 - INFO - Hindalco PDF Downloader finished
2026-05-19 18:16:10 - INFO - Starting Hindalco PDF Downloader
2026-05-19 18:16:10 - INFO - Checking for PDF for date: 2026-05-19
2026-05-19 18:16:10 - INFO - File already exists: Downloads/2026/May/Hindalco_Circular_19_May_26.pdf
2026-05-19 18:16:10 - INFO - Download process completed successfully
2026-05-19 18:16:10 - INFO - Hindalco PDF Downloader finished
2026-05-19 18:16:10 - INFO - Starting Hindalco PDF Downloader
2026-05-19 18:16:10 - INFO - Checking for PDF for date: 2026-05-19
2026-05-19 18:16:10 - INFO - File already exists: Downloads/2026/May/Hindalco_Circular_19_May_26.pdf
2026-05-19 18:16:10 - INFO - Download process completed successfully
2026-05-19 18:16:10 - INFO - Hindalco PDF Downloader finished
2026-05-20 13:21:54 - INFO - Starting Hindalco PDF Downloader
2026-05-20 13:21:54 - INFO - Checking for PDF for date: 2026-05-20
2026-05-20 13:21:54 - INFO - File already exists: Downloads/2026/May/Hindalco_Circular_20_May_26.pdf
2026-05-20 13:21:54 - INFO - Download process completed successfully
2026-05-20 13:21:54 - INFO - Hindalco PDF Downloader finished
2026-05-20 13:21:54 - INFO - Starting Hindalco PDF Downloader
2026-05-20 13:21:54 - INFO - Checking for PDF for date: 2026-05-20
2026-05-20 13:21:54 - INFO - File already exists: Downloads/2026/May/Hindalco_Circular_20_May_26.pdf
2026-05-20 13:21:54 - INFO - Download process completed successfully
2026-05-20 13:21:54 - INFO - Hindalco PDF Downloader finished
2026-05-20 13:21:54 - INFO - Starting Hindalco PDF Downloader
2026-05-20 13:21:54 - INFO - Checking for PDF for date: 2026-05-20
2026-05-20 13:21:54 - INFO - File already exists: Downloads/2026/May/Hindalco_Circular_20_May_26.pdf
2026-05-20 13:21:54 - INFO - Download process completed successfully
2026-05-20 13:21:54 - INFO - Hindalco PDF Downloader finished
